<?xml version="1.0" encoding="UTF-8"?>
<!-- Generated by org.testng.reporters.JUnitXMLReporter -->
<testsuite ignored="0" hostname="LAPTOP-QBTCVFMP" failures="0" tests="3" name="Default test" time="82.674" errors="0" timestamp="2022-08-20T01:00:04 WIB">
  <testcase classname="com.juaracoding.chart.TestSearch" name="TestPembelian1" time="21.068"/>
  <testcase classname="com.juaracoding.chart.TestSearch" name="TestPembelian2" time="22.256"/>
  <testcase classname="com.juaracoding.chart.TestSearch" name="ShowCart" time="4.997"/>
</testsuite> <!-- Default test -->
