<?xml version="1.0" encoding="UTF-8"?>
<testng-results ignored="0" total="3" passed="3" failed="0" skipped="0">
  <reporter-output>
  </reporter-output>
  <suite started-at="2022-08-20T00:58:41 WIB" name="Default suite" finished-at="2022-08-20T01:00:04 WIB" duration-ms="82674">
    <groups>
    </groups>
    <test started-at="2022-08-20T00:58:41 WIB" name="Default test" finished-at="2022-08-20T01:00:04 WIB" duration-ms="82674">
      <class name="com.juaracoding.chart.TestSearch">
        <test-method is-config="true" signature="setup()[pri:0, instance:com.juaracoding.chart.TestSearch@1a18644]" started-at="2022-08-20T00:58:41 WIB" name="setup" finished-at="2022-08-20T00:59:04 WIB" duration-ms="22554" status="PASS">
          <reporter-output>
          </reporter-output>
        </test-method> <!-- setup -->
        <test-method is-config="true" signature="pageObject()[pri:0, instance:com.juaracoding.chart.TestSearch@1a18644]" started-at="2022-08-20T00:59:04 WIB" name="pageObject" finished-at="2022-08-20T00:59:04 WIB" duration-ms="215" status="PASS">
          <reporter-output>
          </reporter-output>
        </test-method> <!-- pageObject -->
        <test-method signature="TestPembelian1()[pri:1, instance:com.juaracoding.chart.TestSearch@1a18644]" started-at="2022-08-20T00:59:04 WIB" name="TestPembelian1" finished-at="2022-08-20T00:59:25 WIB" duration-ms="21068" status="PASS">
          <reporter-output>
          </reporter-output>
        </test-method> <!-- TestPembelian1 -->
        <test-method is-config="true" signature="pageObject()[pri:0, instance:com.juaracoding.chart.TestSearch@1a18644]" started-at="2022-08-20T00:59:25 WIB" name="pageObject" finished-at="2022-08-20T00:59:25 WIB" duration-ms="13" status="PASS">
          <reporter-output>
          </reporter-output>
        </test-method> <!-- pageObject -->
        <test-method signature="TestPembelian2()[pri:2, instance:com.juaracoding.chart.TestSearch@1a18644]" started-at="2022-08-20T00:59:25 WIB" name="TestPembelian2" finished-at="2022-08-20T00:59:48 WIB" duration-ms="22256" status="PASS">
          <reporter-output>
          </reporter-output>
        </test-method> <!-- TestPembelian2 -->
        <test-method is-config="true" signature="pageObject()[pri:0, instance:com.juaracoding.chart.TestSearch@1a18644]" started-at="2022-08-20T00:59:48 WIB" name="pageObject" finished-at="2022-08-20T00:59:48 WIB" duration-ms="3" status="PASS">
          <reporter-output>
          </reporter-output>
        </test-method> <!-- pageObject -->
        <test-method signature="ShowCart()[pri:3, instance:com.juaracoding.chart.TestSearch@1a18644]" started-at="2022-08-20T00:59:48 WIB" name="ShowCart" finished-at="2022-08-20T00:59:53 WIB" duration-ms="4997" status="PASS">
          <reporter-output>
          </reporter-output>
        </test-method> <!-- ShowCart -->
        <test-method is-config="true" signature="closeBrowser()[pri:0, instance:com.juaracoding.chart.TestSearch@1a18644]" started-at="2022-08-20T00:59:53 WIB" name="closeBrowser" finished-at="2022-08-20T01:00:04 WIB" duration-ms="11212" status="PASS">
          <reporter-output>
          </reporter-output>
        </test-method> <!-- closeBrowser -->
      </class> <!-- com.juaracoding.chart.TestSearch -->
    </test> <!-- Default test -->
  </suite> <!-- Default suite -->
</testng-results>
